<?xml version="1.0" encoding="UTF-8"?>
<testng-results ignored="0" total="1" passed="1" failed="0" skipped="0">
  <reporter-output>
  </reporter-output>
  <suite started-at="2025-06-05T19:20:52 IST" name="Default suite" finished-at="2025-06-05T19:21:00 IST" duration-ms="8091">
    <groups>
    </groups>
    <test started-at="2025-06-05T19:20:52 IST" name="Default test" finished-at="2025-06-05T19:21:00 IST" duration-ms="8091">
      <class name="tutorialsNinja.register.TC_RF_001">
        <test-method is-config="true" signature="setUp()[pri:0, instance:tutorialsNinja.register.TC_RF_001@7c7b252e]" started-at="2025-06-05T19:20:52 IST" name="setUp" finished-at="2025-06-05T19:20:57 IST" duration-ms="5371" status="PASS">
          <reporter-output>
          </reporter-output>
        </test-method> <!-- setUp -->
        <test-method signature="verifyRegisterWithMandatoryFields()[pri:0, instance:tutorialsNinja.register.TC_RF_001@7c7b252e]" started-at="2025-06-05T19:20:57 IST" name="verifyRegisterWithMandatoryFields" finished-at="2025-06-05T19:20:59 IST" duration-ms="2343" status="PASS">
          <reporter-output>
          </reporter-output>
        </test-method> <!-- verifyRegisterWithMandatoryFields -->
        <test-method is-config="true" signature="teardown()[pri:0, instance:tutorialsNinja.register.TC_RF_001@7c7b252e]" started-at="2025-06-05T19:20:59 IST" name="teardown" finished-at="2025-06-05T19:21:00 IST" duration-ms="315" status="PASS">
          <reporter-output>
          </reporter-output>
        </test-method> <!-- teardown -->
      </class> <!-- tutorialsNinja.register.TC_RF_001 -->
    </test> <!-- Default test -->
  </suite> <!-- Default suite -->
</testng-results>
