<?xml version="1.0" encoding="UTF-8"?>
<testng-results ignored="0" total="1" passed="1" failed="0" skipped="0">
  <reporter-output>
  </reporter-output>
  <suite started-at="2025-05-28T15:43:07 IST" name="Default suite" finished-at="2025-05-28T15:43:29 IST" duration-ms="21273">
    <groups>
    </groups>
    <test started-at="2025-05-28T15:43:07 IST" name="Default test" finished-at="2025-05-28T15:43:29 IST" duration-ms="21273">
      <class name="tutorialsNinja.register.TC_RF_012">
        <test-method is-config="true" signature="setup()[pri:0, instance:tutorialsNinja.register.TC_RF_012@128d2484]" started-at="2025-05-28T15:43:07 IST" name="setup" finished-at="2025-05-28T15:43:11 IST" duration-ms="3576" status="PASS">
          <reporter-output>
          </reporter-output>
        </test-method> <!-- setup -->
        <test-method signature="verifyRegisteringAccountUsingKeyboardKeys()[pri:0, instance:tutorialsNinja.register.TC_RF_012@128d2484]" started-at="2025-05-28T15:43:11 IST" name="verifyRegisteringAccountUsingKeyboardKeys" finished-at="2025-05-28T15:43:28 IST" duration-ms="17369" status="PASS">
          <reporter-output>
          </reporter-output>
        </test-method> <!-- verifyRegisteringAccountUsingKeyboardKeys -->
        <test-method is-config="true" signature="teardown()[pri:0, instance:tutorialsNinja.register.TC_RF_012@128d2484]" started-at="2025-05-28T15:43:28 IST" name="teardown" finished-at="2025-05-28T15:43:29 IST" duration-ms="284" status="PASS">
          <reporter-output>
          </reporter-output>
        </test-method> <!-- teardown -->
      </class> <!-- tutorialsNinja.register.TC_RF_012 -->
    </test> <!-- Default test -->
  </suite> <!-- Default suite -->
</testng-results>
