<?xml version="1.0" encoding="UTF-8"?>
<testng-results ignored="0" total="1" passed="1" failed="0" skipped="0">
  <reporter-output>
  </reporter-output>
  <suite started-at="2025-05-20T12:41:26 IST" name="Default suite" finished-at="2025-05-20T12:41:33 IST" duration-ms="6338">
    <groups>
    </groups>
    <test started-at="2025-05-20T12:41:26 IST" name="Default test" finished-at="2025-05-20T12:41:33 IST" duration-ms="6338">
      <class name="tutorialsNinja.register.TC_RF_001">
        <test-method signature="verifyRegisterWithMandatoryFields()[pri:0, instance:tutorialsNinja.register.TC_RF_001@537f60bf]" started-at="2025-05-20T12:41:27 IST" name="verifyRegisterWithMandatoryFields" finished-at="2025-05-20T12:41:33 IST" duration-ms="6280" status="PASS">
          <reporter-output>
          </reporter-output>
        </test-method> <!-- verifyRegisterWithMandatoryFields -->
      </class> <!-- tutorialsNinja.register.TC_RF_001 -->
    </test> <!-- Default test -->
  </suite> <!-- Default suite -->
</testng-results>
